<?xml version="1.0" encoding="UTF-8"?>
<!-- Generated by org.testng.reporters.JUnitXMLReporter -->
<testsuite ignored="0" hostname="DESKTOP-JS9M19L" failures="0" tests="3" name="Default test" time="53.692" errors="0" timestamp="2022-07-14T19:11:11 IST">
  <testcase classname="TestCasees.VerifyLogInPage" name="logInVerifiction" time="6.489"/>
  <testcase classname="TestCasees.VerifyLogInPage" name="logInVerifiction" time="0.406"/>
  <testcase classname="TestCasees.VerifyLogInPage" name="logInVerifiction" time="1.316"/>
</testsuite> <!-- Default test -->
