<?xml version="1.0" encoding="UTF-8"?>
<!-- Generated by org.testng.reporters.JUnitXMLReporter -->
<testsuite ignored="0" hostname="DESKTOP-JS9M19L" failures="0" tests="5" name="Test" time="281.664" errors="0" timestamp="2022-07-15T07:45:32 IST">
  <testcase classname="TestCasees.VerifySignup" name="SignupVerification" time="91.642"/>
  <testcase classname="TestCasees.VerifyLogInPage" name="logInVerifiction" time="1.093"/>
  <testcase classname="TestCasees.VerifyLogInPage" name="logInVerifiction" time="0.436"/>
  <testcase classname="TestCasees.VerifyLogInPage" name="logInVerifiction" time="2.112"/>
  <testcase classname="TestCasees.tryfreeSalesForce" name="verifyTryFree" time="63.196"/>
</testsuite> <!-- Test -->
