<?xml version="1.0" encoding="UTF-8"?>
<testng-results ignored="0" total="5" passed="5" failed="0" skipped="0">
  <reporter-output>
  </reporter-output>
  <suite started-at="2022-07-15T07:40:51 IST" name="Suite" finished-at="2022-07-15T07:45:32 IST" duration-ms="281664">
    <groups>
    </groups>
    <test started-at="2022-07-15T07:40:51 IST" name="Test" finished-at="2022-07-15T07:45:32 IST" duration-ms="281664">
      <class name="TestCasees.VerifySignup">
        <test-method is-config="true" signature="browserLaunch()[pri:0, instance:TestCasees.VerifySignup@52e6fdee]" started-at="2022-07-15T07:40:51 IST" name="browserLaunch" finished-at="2022-07-15T07:42:12 IST" duration-ms="81417" status="PASS">
          <reporter-output>
          </reporter-output>
        </test-method> <!-- browserLaunch -->
        <test-method signature="SignupVerification()[pri:0, instance:TestCasees.VerifySignup@52e6fdee]" started-at="2022-07-15T07:42:12 IST" name="SignupVerification" finished-at="2022-07-15T07:43:44 IST" duration-ms="91642" status="PASS">
          <reporter-output>
          </reporter-output>
        </test-method> <!-- SignupVerification -->
        <test-method is-config="true" signature="CloseBrowser()[pri:0, instance:TestCasees.VerifySignup@52e6fdee]" started-at="2022-07-15T07:43:44 IST" name="CloseBrowser" finished-at="2022-07-15T07:43:46 IST" duration-ms="2417" status="PASS">
          <reporter-output>
          </reporter-output>
        </test-method> <!-- CloseBrowser -->
      </class> <!-- TestCasees.VerifySignup -->
      <class name="TestCasees.VerifyLogInPage">
        <test-method is-config="true" signature="browserLaunch()[pri:0, instance:TestCasees.VerifyLogInPage@6572421]" started-at="2022-07-15T07:43:46 IST" name="browserLaunch" finished-at="2022-07-15T07:44:00 IST" duration-ms="13245" status="PASS">
          <reporter-output>
          </reporter-output>
        </test-method> <!-- browserLaunch -->
        <test-method signature="logInVerifiction(java.lang.String,java.lang.String)[pri:0, instance:TestCasees.VerifyLogInPage@6572421]" started-at="2022-07-15T07:44:00 IST" name="logInVerifiction" data-provider="testdata1" finished-at="2022-07-15T07:44:01 IST" duration-ms="1093" status="PASS">
          <params>
            <param index="0">
              <value>
                <![CDATA[admin1]]>
              </value>
            </param>
            <param index="1">
              <value>
                <![CDATA[pass1]]>
              </value>
            </param>
          </params>
          <reporter-output>
          </reporter-output>
        </test-method> <!-- logInVerifiction -->
        <test-method is-config="true" signature="CloseBrowser()[pri:0, instance:TestCasees.VerifyLogInPage@6572421]" started-at="2022-07-15T07:44:01 IST" name="CloseBrowser" finished-at="2022-07-15T07:44:02 IST" duration-ms="1166" status="PASS">
          <reporter-output>
          </reporter-output>
        </test-method> <!-- CloseBrowser -->
        <test-method is-config="true" signature="browserLaunch()[pri:0, instance:TestCasees.VerifyLogInPage@6572421]" started-at="2022-07-15T07:44:02 IST" name="browserLaunch" finished-at="2022-07-15T07:44:10 IST" duration-ms="7879" status="PASS">
          <reporter-output>
          </reporter-output>
        </test-method> <!-- browserLaunch -->
        <test-method signature="logInVerifiction(java.lang.String,java.lang.String)[pri:0, instance:TestCasees.VerifyLogInPage@6572421]" started-at="2022-07-15T07:44:10 IST" name="logInVerifiction" data-provider="testdata1" finished-at="2022-07-15T07:44:10 IST" duration-ms="436" status="PASS">
          <params>
            <param index="0">
              <value>
                <![CDATA[admin2]]>
              </value>
            </param>
            <param index="1">
              <value>
                <![CDATA[pass2]]>
              </value>
            </param>
          </params>
          <reporter-output>
          </reporter-output>
        </test-method> <!-- logInVerifiction -->
        <test-method is-config="true" signature="CloseBrowser()[pri:0, instance:TestCasees.VerifyLogInPage@6572421]" started-at="2022-07-15T07:44:10 IST" name="CloseBrowser" finished-at="2022-07-15T07:44:11 IST" duration-ms="826" status="PASS">
          <reporter-output>
          </reporter-output>
        </test-method> <!-- CloseBrowser -->
        <test-method is-config="true" signature="browserLaunch()[pri:0, instance:TestCasees.VerifyLogInPage@6572421]" started-at="2022-07-15T07:44:11 IST" name="browserLaunch" finished-at="2022-07-15T07:44:17 IST" duration-ms="5905" status="PASS">
          <reporter-output>
          </reporter-output>
        </test-method> <!-- browserLaunch -->
        <test-method signature="logInVerifiction(java.lang.String,java.lang.String)[pri:0, instance:TestCasees.VerifyLogInPage@6572421]" started-at="2022-07-15T07:44:17 IST" name="logInVerifiction" data-provider="testdata1" finished-at="2022-07-15T07:44:19 IST" duration-ms="2112" status="PASS">
          <params>
            <param index="0">
              <value>
                <![CDATA[admin3]]>
              </value>
            </param>
            <param index="1">
              <value>
                <![CDATA[pass3]]>
              </value>
            </param>
          </params>
          <reporter-output>
          </reporter-output>
        </test-method> <!-- logInVerifiction -->
        <test-method is-config="true" signature="CloseBrowser()[pri:0, instance:TestCasees.VerifyLogInPage@6572421]" started-at="2022-07-15T07:44:19 IST" name="CloseBrowser" finished-at="2022-07-15T07:44:21 IST" duration-ms="1644" status="PASS">
          <reporter-output>
          </reporter-output>
        </test-method> <!-- CloseBrowser -->
      </class> <!-- TestCasees.VerifyLogInPage -->
      <class name="TestCasees.tryfreeSalesForce">
        <test-method is-config="true" signature="browserLaunch()[pri:0, instance:TestCasees.tryfreeSalesForce@6b81ce95]" started-at="2022-07-15T07:44:21 IST" name="browserLaunch" finished-at="2022-07-15T07:44:27 IST" duration-ms="6643" status="PASS">
          <reporter-output>
          </reporter-output>
        </test-method> <!-- browserLaunch -->
        <test-method signature="verifyTryFree()[pri:0, instance:TestCasees.tryfreeSalesForce@6b81ce95]" started-at="2022-07-15T07:44:27 IST" name="verifyTryFree" finished-at="2022-07-15T07:45:31 IST" duration-ms="63196" status="PASS">
          <reporter-output>
          </reporter-output>
        </test-method> <!-- verifyTryFree -->
        <test-method is-config="true" signature="CloseBrowser()[pri:0, instance:TestCasees.tryfreeSalesForce@6b81ce95]" started-at="2022-07-15T07:45:31 IST" name="CloseBrowser" finished-at="2022-07-15T07:45:32 IST" duration-ms="1611" status="PASS">
          <reporter-output>
          </reporter-output>
        </test-method> <!-- CloseBrowser -->
      </class> <!-- TestCasees.tryfreeSalesForce -->
    </test> <!-- Test -->
  </suite> <!-- Suite -->
</testng-results>
